Abdala_2007a.nex,32,96
Abella_etal_2012a.nex,19,82
Adnet_et_Cappetta_2001a.nex,24,29
Adrain_et_Ramskold_1997a.nex,10,17
Aguilera_etal_2006a.nex,70,164
Ahlberg_1989a.nex,6,14
Ahlberg_etal_2000a.nex,10,34
Ahlberg_et_Clack_1998a.nex,26,50
Allain_2002a.nex,16,45
Allain_etal_2007a.nex,34,264
Allain_etal_2012a.nex,29,178
Alroy_1995a.nex,17,56
Alvarado-Ortega_et_Espinosa-Arrubarrena_2008a.nex,7,23
Alvarez_etal_1998a.nex,37,37
Anderson_et_Roopnarine_2003aa.nex,12,73
Anderson_et_Roopnarine_2003ab.nex,12,70
Andrade_etal_2011a.nex,107,486
Angielczyk_2004a.nex,11,41
Apesteguia_etal_2007a.nex,9,28
Apesteguia_etal_2012a.nex,26,73
Apesteguia_et_Novas_2003a.nex,16,67
Archibald_etal_2001a.nex,25,70
Arcucci_et_Coria_2003a.nex,10,19
Arratia_1996a.nex,28,90
Ausich_1998bc.nex,45,31
Averianov_etal_2006a.nex,12,31
Azuma_et_Currie_2000a.nex,10,110
Barbosa_etal_2008a.nex,14,30
Bell_1997a.nex,37,142
Benson_2010a.nex,41,213
Benson_etal_2012a.nex,33,207
Bentley_et_Jago_2004a.nex,38,14
Benton_2004a.nex,24,95
Benton_et_Clark_1988aa.nex,21,134
Bloch_etal_2001a.nex,14,32
Bolotsky_et_Godefroit_2004a.nex,10,21
Bolt_1991aa.nex,7,11
Botha_etal_2007b.nex,18,59
Bourdon_2005a.nex,28,123
Brazeau_2005ab.nex,14,24
Brazeau_2009a.nex,47,134
Brochu_1997ab.nex,62,164
Brusatte_etal_2008a.nex,64,437
Brusatte_etal_2010b.nex,55,187
Buscalioni_etal_1996a.nex,12,20
Buscalioni_et_Sanz_1988ab.nex,7,28
Buscalioni_et_Sanz_1988ac.nex,6,9
Butler_etal_2007a.nex,27,150
Calvo_etal_2007c.nex,18,65
Caron_etal_2004a.nex,11,12
Carpenter_etal_1998a.nex,4,26
Carrano_etal_2002a.nex,23,158
Carrano_etal_2005a.nex,17,145
Carrano_etal_2012a.nex,61,351
Carr_etal_2005a.nex,20,31
Carr_et_Williamson_2004a.nex,7,84
Carr_et_Williamson_2010a.nex,26,274
Carroll_1995a.nex,18,184
Carroll_2007a.nex,23,118
Carter_etal_2000a.nex,67,117
Casanovas_etal_1999a.nex,9,17
Cau_et_Arduini_2008a.nex,36,192
Chang_1995a.nex,9,25
Chatterjee_1991a.nex,8,30
Chatterjee_1999a.nex,14,84
Chatterjee_2002a.nex,10,52
Chiappe_2001a.nex,24,169
Chiappe_et_Calvo_1994a.nex,8,73
Chiappe_et_Walker_2002a.nex,17,36
Chinnery_2004a.nex,16,102
Chinnery_et_Horner_2007a.nex,17,122
Chinnery_et_Weishampel_1998a.nex,14,68
Choiniere_etal_2010a.nex,60,472
Clement_etal_2009a.nex,11,22
Coria_et_Salgado_1996a.nex,7,40
Cracraft_et_Clarke_2001a.nex,8,44
Currie_1995a.nex,6,27
Currie_etal_2003a.nex,8,77
Curry_Rogers_2005a.nex,35,364
Curry_Rogers_et_Forster_2001a.nex,17,228
Cusack_etal_1999a.nex,23,46
Dal_Sasso_et_Pinna_1996a.nex,10,33
Damiani_2001a.nex,25,47
Damiani_et_Yates_2003a.nex,20,40
Dashzeveg_et_Jin_1998a.nex,22,26
Davis_etal_2012a.nex,60,138
deBraga_2003a.nex,13,60
deBraga_et_Reisz_1996a.nex,8,60
de_Carvalho_1996a.nex,20,67
Densmore_et_White_1991aa.nex,18,59
Dilkes_et_Arcucci_inpressa.nex,15,103
Dilkes_et_Sues_2009a.nex,15,85
Dodick_et_Modesto_1995a.nex,8,39
Dodson_etal_2004a.nex,15,73
Donoghue_2001a.nex,18,36
Doyle_et_Donoghue_1986a.nex,20,62
Dunlop_et_Selden_1997a.nex,18,25
Dupret_2004a.nex,18,83
Edgecombe_et_Ramskold_1999a.nex,19,29
Elzanowski_1999a.nex,7,14
Evans_1988a.nex,55,226
Evans_1991a.nex,8,35
Evans_etal_2013a.nex,18,50
Ezcurra_etal_2010b.nex,28,169
Ezcurra_et_Novas_2007a.nex,26,253
Fitzgerald_etal_2012a.nex,20,13
Flynn_etal_2000a.nex,6,16
Forey_1998aa.nex,32,108
Forster_etal_1993a.nex,6,9
Forster_etal_1998a.nex,15,113
Fortey_etal_2005a.nex,25,46
Frankfurt_et_Chiappe_1999a.nex,19,10
Frobisch_2007a.nex,42,100
Froehlich_2002a.nex,48,125
Gahn_et_Kammer_2002a.nex,13,14
Gallina_et_Apesteguia_2011a.nex,23,77
Galton_et_Upchurch_2004a.nex,24,137
Galton_et_Upchurch_2004b.nex,12,55
Gardiner_etal_2005a.nex,15,38
Gardner_2001a.nex,12,59
Gasparini_etal_1993a.nex,7,31
Gauthier_1986a.nex,18,84
Gauthier_etal_1988a.nex,30,207
Gauthier_etal_1988c.nex,13,171
Gentry_et_Hooker_1988a.nex,40,116
Godefroit_etal_1998a.nex,8,56
Gonzalez_Riga_et_David_inpressa.nex,22,82
Gower_2002a.nex,12,27
Grellet-Tinner_et_Chiappe_2004a.nex,11,11
Grellet-Tinner_et_Makovicky_2006a.nex,14,19
Haasl_2000a.nex,35,36
Harper_etal_2000a.nex,16,43
Hill_2005a.nex,80,368
Hill_etal_2003a.nex,24,50
Holbrook_2001a.nex,24,30
Holmes_etal_1998a.nex,14,18
Holtz_1998a.nex,47,386
Holtz_2001b.nex,17,111
Hone_et_Benton_2008b.nex,45,324
Hopson_et_Kitching_2001a.nex,25,101
Hou_etal_1996a.nex,8,32
Hungerbuhler_etal_2013a.nex,12,41
Hutchinson_2001a.nex,47,21
Hutchinson_2002a.nex,35,100
Huttenlocker_2009a.nex,30,110
Irmis_etal_2007a.nex,26,127
Jalil_1997a.nex,22,71
Janvier_1996a.nex,23,89
Jeffery_1999a.nex,19,24
Jin_etal_2006a.nex,12,24
Jouve_2005a.nex,7,12
Jouve_etal_2005a.nex,13,30
Joyce_2007a.nex,68,136
Kammer_et_Gahn_2003a.nex,14,14
Karasawa_et_Schweitzer_2006a.nex,45,71
Khonsari_etal_2009a.nex,9,123
Kirkland_1998a.nex,19,44
Knoll_2008a.nex,6,21
Kobayashi_et_Azuma_2003a.nex,13,23
Krupina_et_Reisz_2000a.nex,14,48
Langer_et_Benton_2006a.nex,11,98
Lang_et_Mahammed_2010a.nex,39,237
Larsson_et_Sues_2007a.nex,33,158
Laurin_1991a.nex,13,69
Laurin_1993a.nex,11,121
Laurin_1996a.nex,8,10
Laurin_et_Soler-Gijon_2006ab.nex,18,61
Lee_1998a.nex,26,230
Lefebvre_2000a.nex,18,22
Leighton_et_Maples_2002a.nex,14,24
Lieberman_1994aa.nex,14,33
Lieberman_1994ab.nex,16,25
Lieberman_1994ad.nex,10,20
Lieberman_1998a.nex,26,79
Lieberman_1999ab.nex,10,25
Lieberman_1999ag.nex,11,17
Lieberman_etal_1991a.nex,14,51
Lieberman_et_Kloc_1997a.nex,40,66
Liu_et_Abdala_2014a.nex,30,77
Liu_etal_2002a.nex,12,11
Liu_etal_2009a.nex,23,71
Liu_et_Olsen_2010a.nex,31,145
Livezey_1997a.nex,10,123
Longrich_etal_2010a.nex,20,90
Longrich_et_Currie_2009a.nex,12,77
Longrich_et_Currie_2009b.nex,27,114
Lu_etal_2002a.nex,14,75
MacLeod_1993aa.nex,15,52
MacLeod_1993ab.nex,15,52
Maganuco_etal_2007a.nex,11,8
Maidment_etal_2006a.nex,10,80
Maisch_etal_2004a.nex,9,10
Maisch_et_Matzke_2001a.nex,9,19
Makovicky_2001a.nex,15,98
Mannion_etal_inpressb.nex,63,279
Martill_et_Naish_2006a.nex,9,23
Martin_1997a.nex,10,42
Martinez_etal_2011a.nex,20,139
Maryanska_etal_2002a.nex,20,195
Mayr_et_Clarke_2003a.nex,46,148
McDonald_etal_2010a.nex,24,67
McDonald_etal_2010b.nex,62,131
McEachran_etal_1996a.nex,30,65
McGowan_2002a.nex,20,41
Michaux_1989ab.nex,33,37
Michaux_1989ac.nex,10,38
Modesto_etal_1999a.nex,12,40
Modesto_etal_2003a.nex,9,25
Modesto_etal_2003c.nex,8,14
Modesto_et_Damiani_2007a.nex,14,43
Monks_2002a.nex,27,30
Monks_et_Owen_2000a.nex,17,22
Montefeltro_etal_2013a.nex,11,65
Montefeltro_etal_inpressa.nex,90,484
Moyne_et_Neige_2004a.nex,12,16
Mueller-Towe_2005a.nex,30,189
Muller_etal_2008a.nex,10,21
Muller_et_Tsuji_2007a.nex,28,137
Naish_etal_2013aa.nex,24,23
Nesbitt_etal_2009a.nex,41,315
Nesbitt_etal_2009c.nex,50,14
Nesbitt_etal_2009d.nex,12,50
Norell_1989a.nex,6,12
Norell_etal_2000a.nex,10,38
Norman_2002a.nex,18,67
Norman_etal_2004a.nex,12,54
Novas_1992a.nex,5,17
Novas_1993a.nex,8,51
Novas_1996a.nex,8,74
Osmolska_etal_2004a.nex,12,161
Parker_2007a.nex,18,37
Parker_et_Barton_2008a.nex,14,31
Parrish_1991a.nex,13,60
Parrish_1992a.nex,8,16
Parrish_1993a.nex,24,42
Perez-Moreno_etal_1994a.nex,7,22
Pinheiro_etal_2011a.nex,19,22
Pisani_etal_2002a.nex,276,1635
Pol_et_Rauhut_2012a.nex,26,206
Prieto-Marquez_2010a.nex,53,370
Prieto-Marquez_et_Wagner_2009a.nex,52,299
Ramskold_et_Werdelin_1991a.nex,48,32
Rauhut_etal_2005a.nex,27,154
Reisz_etal_1992a.nex,9,97
Rieppel_1989a.nex,9,19
Rieppel_1993b.nex,28,80
Rieppel_1994a.nex,9,14
Rieppel_etal_2000a.nex,6,16
Rieppel_et_Zanon_1997a.nex,11,31
Rode_2005aa.nex,25,36
Rode_2005ab.nex,18,36
Rode_et_Babcock_2003a.nex,47,31
Rodman_etal_1984a.nex,20,79
Rubidge_etal_2006a.nex,17,51
Rubidge_et_van_den_Heever_1997a.nex,6,28
Ruiz-Omenaca_etal_1997a.nex,13,3
Rulleau_etal_2003a.nex,17,19
Russell_et_Dong_1993a.nex,11,59
Ruta_et_Theron_1997a.nex,13,38
Ryan_etal_2010a.nex,11,16
Sachs_2005a.nex,12,19
Sampson_1995a.nex,9,17
Santini_et_Tyler_2003a.nex,58,219
Sanz_etal_1999a.nex,9,43
Sanz_et_Buscalioni_1992a.nex,8,14
Schoch_2008a.nex,19,100
Schoch_et_Rubidge_2005a.nex,14,47
Schultze_1994a.nex,8,216
Senter_etal_2004a.nex,37,101
Sequeira_2003a.nex,17,61
Sequeira_et_Coates_2000a.nex,13,23
Sereno_1999ab.nex,19,118
Sereno_1999ad.nex,19,155
Sereno_1999ag.nex,13,60
Sereno_2000aa.nex,14,41
Sereno_2000ab.nex,13,72
Sereno_2012a.nex,13,30
Sereno_etal_2007a.nex,16,102
Sereno_et_Arcucci_1990a.nex,8,34
Sereno_et_Arcucci_1994b.nex,5,26
Shirai_1996a.nex,53,105
Sidor_2003a.nex,108,82
Sidor_etal_2004a.nex,10,18
Skelton_et_Smith_2000a.nex,36,32
Smith_2001a.nex,48,41
Steyer_2000aa.nex,6,41
Steyer_2000ab.nex,6,41
Steyer_2003a.nex,12,39
Stocker_2010a.nex,24,43
Stone_et_Telford_1999a.nex,14,12
Sues_1997a.nex,8,47
Sues_et_Averianov_2009b.nex,34,138
Surkov_etal_2005a.nex,27,18
Surkov_et_Benton_2004a.nex,19,17
Suzuki_etal_2004a.nex,13,78
Swartz_2012a.nex,47,204
Sweetman_etal_inpressa.nex,36,242
Taylor_etal_1998a.nex,31,33
Thewissen_1992a.nex,8,10
Toljagic_et_Butler_2013a.nex,36,298
Tsuji_2013a.nex,29,125
Turner_etal_2012a.nex,117,477
Unwin_2003a.nex,20,60
Upchurch_etal_2004a.nex,16,32
Upchurch_etal_2004b.nex,48,309
Upchurch_etal_2007a.nex,34,292
Vega-Dias_2004a.nex,14,44
Villier_etal_2004a.nex,36,35
Wang_etal_2005c.nex,48,80
Wang_etal_2012b.nex,32,106
Weinbaum_et_Hungerbuhler_2007a.nex,11,34
Weishampel_etal_1993a.nex,15,37
Weishampel_et_Heinrich_1992a.nex,12,37
Wilkinson_etal_2008a.nex,28,82
Williamson_etal_2012a.nex,94,78
Wills_1998ba.nex,19,49
Wills_1998bb.nex,19,49
Wilson_2002a.nex,29,234
Wilson_et_Murray_2008a.nex,29,87
Witzmann_et_Schoch_2006a.nex,18,52
Wu_etal_1994b.nex,12,49
Xu_etal_1999a.nex,14,106
Xu_etal_1999b.nex,8,84
Xu_etal_2000b.nex,7,45
Xu_etal_2006b.nex,14,106
Yates_2003b.nex,21,164
Yates_et_Warren_2000a.nex,38,121
You_etal_2003a.nex,15,66
You_et_Dodson_2003a.nex,12,148
Yuan_etal_2006a.nex,17,25
Zanno_2006a.nex,13,32
Zhao_etal_1999a.nex,7,25
Zheng_etal_2009a.nex,47,221
Zhu_etal_2001a.nex,26,158
Zhu_etal_2006a.nex,19,125
Zhu_etal_2009a.nex,23,153
